2025-06-17T20:01:10 | touched: package.json
2024-09-20T02:47:15 | touched: package.json
2025-02-28T11:51:23 | touched: test/Beefyvault.test.js
2026-01-21T16:47:44 | touched: scripts/deploy.js
2024-12-12T18:12:34 | touched: scripts/frontend-integration.js
2024-01-23T06:09:12 | touched: scripts/cli.js
2026-01-14T16:16:53 | touched: test/Beefyvault.test.js
2024-11-08T19:34:04 | touched: .env.example
2025-05-04T20:37:25 | touched: .env.example
2026-01-03T03:39:26 | touched: .env.example
2025-11-30T10:40:09 | touched: scripts/deploy.js
2026-01-17T09:40:16 | touched: hardhat.config.js
2025-03-22T04:55:42 | touched: test/Beefyvault.test.js
2026-01-06T15:37:23 | touched: test/Beefyvault.test.js
2024-11-15T09:27:34 | touched: hardhat.config.js
2025-09-26T20:52:50 | touched: README.md
2024-10-01T03:29:52 | touched: scripts/frontend-integration.js
2026-01-13T02:23:17 | touched: contracts/Beefyvault.sol
2024-11-23T17:00:47 | touched: contracts/Beefyvault.sol
2024-09-27T22:10:39 | touched: scripts/interact.js
2024-08-10T04:36:11 | touched: test/Beefyvault.test.js
2025-01-27T23:09:26 | touched: .env.example
2025-12-30T03:32:30 | touched: LICENSE
2025-01-15T11:33:44 | touched: README.md
2025-01-05T07:30:30 | touched: contracts/Beefyvault.sol
2025-06-08T23:54:50 | touched: scripts/frontend-integration.js
